<?xml version="1.0" encoding="UTF-8"?>
<!-- Generated by org.testng.reporters.JUnitReportReporter -->
<testsuite hostname="CML-KavishkaM" failures="0" tests="1" name="com.testAutomation.qa.TestSuites.tc_017_CreateANewXapiCourse" time="72.146" errors="0" timestamp="2022-06-02T09:11:17 IST" skipped="0">
  <testcase classname="com.testAutomation.qa.TestSuites.tc_017_CreateANewXapiCourse" name="tc_017__CreateANewXapiCourse" time="72.146"/>
  <system-out/>
</testsuite> <!-- com.testAutomation.qa.TestSuites.tc_017_CreateANewXapiCourse -->
