<?xml version="1.0" encoding="UTF-8"?>
<!-- Generated by org.testng.reporters.JUnitReportReporter -->
<testsuite hostname="CML-KavishkaM" failures="0" tests="1" name="com.testAutomation.qa.TestSuites.tc_007_VerifyLearnerCsvIsDownloaded" time="28.254" errors="0" timestamp="2022-06-01T12:33:29 IST" skipped="0">
  <testcase classname="com.testAutomation.qa.TestSuites.tc_007_VerifyLearnerCsvIsDownloaded" name="tc_007__VerifyLearnerCsvIsDownloaded" time="28.254"/>
  <system-out/>
</testsuite> <!-- com.testAutomation.qa.TestSuites.tc_007_VerifyLearnerCsvIsDownloaded -->
