<?xml version="1.0" encoding="UTF-8"?>
<!-- Generated by org.testng.reporters.JUnitReportReporter -->
<testsuite hostname="CML-KavishkaM" failures="0" tests="1" name="com.testAutomation.qa.TestSuites.tc_036_EditLearnerProfileDetails" time="58.967" errors="0" timestamp="2022-05-31T03:06:52 IST" skipped="0">
  <testcase classname="com.testAutomation.qa.TestSuites.tc_036_EditLearnerProfileDetails" name="tc_036__EditLearnerProfileDetails" time="58.967"/>
  <system-out/>
</testsuite> <!-- com.testAutomation.qa.TestSuites.tc_036_EditLearnerProfileDetails -->
