<?xml version="1.0" encoding="UTF-8"?>
<!-- Generated by org.testng.reporters.JUnitReportReporter -->
<testsuite hostname="CML-KavishkaM" failures="0" tests="1" name="com.testAutomation.qa.TestSuites.tc_018_EditingAnExistingXapiCourse" time="149.998" errors="0" timestamp="2022-06-02T09:14:44 IST" skipped="0">
  <testcase classname="com.testAutomation.qa.TestSuites.tc_018_EditingAnExistingXapiCourse" name="tc_018__EditingAnExistingXapiCourse" time="149.998"/>
  <system-out/>
</testsuite> <!-- com.testAutomation.qa.TestSuites.tc_018_EditingAnExistingXapiCourse -->
