<?xml version="1.0" encoding="UTF-8"?>
<!-- Generated by org.testng.reporters.JUnitReportReporter -->
<testsuite hostname="CML-KavishkaM" failures="0" tests="1" name="com.testAutomation.qa.TestSuites.tc_013_DeletingAnExistingGroup" time="30.540" errors="0" timestamp="2022-06-02T08:32:34 IST" skipped="0">
  <testcase classname="com.testAutomation.qa.TestSuites.tc_013_DeletingAnExistingGroup" name="tc_013__DeletingAnExistingGroup" time="30.540"/>
  <system-out/>
</testsuite> <!-- com.testAutomation.qa.TestSuites.tc_013_DeletingAnExistingGroup -->
