<?xml version="1.0" encoding="UTF-8"?>
<!-- Generated by org.testng.reporters.JUnitReportReporter -->
<testsuite hostname="CML-KavishkaM" failures="0" tests="1" name="com.testAutomation.qa.TestSuites.tc_010_AcitivateAndInactivateUser" time="53.791" errors="0" timestamp="2022-06-01T12:45:17 IST" skipped="0">
  <testcase classname="com.testAutomation.qa.TestSuites.tc_010_AcitivateAndInactivateUser" name="tc_010__AcitivateAndInactivateUser" time="53.791"/>
  <system-out/>
</testsuite> <!-- com.testAutomation.qa.TestSuites.tc_010_AcitivateAndInactivateUser -->
