<?xml version="1.0" encoding="UTF-8"?>
<!-- Generated by org.testng.reporters.JUnitReportReporter -->
<testsuite hostname="CML-KavishkaM" failures="0" tests="1" name="com.testAutomation.qa.TestSuites.tc_012_EditngAnExistingGroup" time="32.616" errors="0" timestamp="2022-06-02T08:30:03 IST" skipped="0">
  <testcase classname="com.testAutomation.qa.TestSuites.tc_012_EditngAnExistingGroup" name="tc_012__EditngAnExistingGroup" time="32.616"/>
  <system-out/>
</testsuite> <!-- com.testAutomation.qa.TestSuites.tc_012_EditngAnExistingGroup -->
