<?xml version="1.0" encoding="UTF-8"?>
<!-- Generated by org.testng.reporters.JUnitReportReporter -->
<testsuite hostname="CML-KavishkaM" failures="0" tests="1" name="com.testAutomation.qa.DataPrerequisiteTestSuites.tc_07_CreatingMultiDomainUsersWithinManyGroupsWiththeApprovedStatus" time="87.234" errors="0" timestamp="2022-09-15T13:07:25 IST" skipped="0">
  <testcase classname="com.testAutomation.qa.DataPrerequisiteTestSuites.tc_07_CreatingMultiDomainUsersWithinManyGroupsWiththeApprovedStatus" name="CreatingMultiDomainUsersWithinManyGroupsWiththeApprovedStatus" time="87.234"/>
  <system-out/>
</testsuite> <!-- com.testAutomation.qa.DataPrerequisiteTestSuites.tc_07_CreatingMultiDomainUsersWithinManyGroupsWiththeApprovedStatus -->
