<?xml version="1.0" encoding="UTF-8"?>
<!-- Generated by org.testng.reporters.JUnitReportReporter -->
<testsuite hostname="CML-KavishkaM" failures="0" tests="1" name="com.testAutomation.qa.TestSuites.tc_006_DeletingAnExistingUser" time="25.481" errors="0" timestamp="2022-08-23T11:49:15 IST" skipped="0">
  <testcase classname="com.testAutomation.qa.TestSuites.tc_006_DeletingAnExistingUser" name="tc_006__DeletingAnExistingUser" time="25.481"/>
  <system-out/>
</testsuite> <!-- com.testAutomation.qa.TestSuites.tc_006_DeletingAnExistingUser -->
