<?xml version="1.0" encoding="UTF-8"?>
<!-- Generated by org.testng.reporters.JUnitReportReporter -->
<testsuite hostname="CML-KavishkaM" failures="0" tests="1" name="com.testAutomation.qa.TestSuites.tc_022_DeleteingAnExistingWebinar" time="32.738" errors="0" timestamp="2022-06-02T16:53:54 IST" skipped="0">
  <testcase classname="com.testAutomation.qa.TestSuites.tc_022_DeleteingAnExistingWebinar" name="tc_022__DeleteingAnExistingWebinar" time="32.738"/>
  <system-out/>
</testsuite> <!-- com.testAutomation.qa.TestSuites.tc_022_DeleteingAnExistingWebinar -->
