<?xml version="1.0" encoding="UTF-8"?>
<!-- Generated by org.testng.reporters.JUnitReportReporter -->
<testsuite hostname="CML-KavishkaM" failures="0" tests="1" name="com.testAutomation.qa.TestSuites.tc_004_CreateANewUser" time="35.408" errors="0" timestamp="2022-06-01T12:27:33 IST" skipped="0">
  <testcase classname="com.testAutomation.qa.TestSuites.tc_004_CreateANewUser" name="tc_004__CreateANewUser" time="35.408"/>
  <system-out/>
</testsuite> <!-- com.testAutomation.qa.TestSuites.tc_004_CreateANewUser -->
