<?xml version="1.0" encoding="UTF-8"?>
<!-- Generated by org.testng.reporters.JUnitReportReporter -->
<testsuite hostname="CML-KavishkaM" failures="0" tests="1" name="com.testAutomation.qa.TestSuites.tc_030_EnrolToANewXapiCousreAndViewItFromTheMyLearningPage" time="139.662" errors="0" timestamp="2022-05-30T00:05:43 IST" skipped="0">
  <testcase classname="com.testAutomation.qa.TestSuites.tc_030_EnrolToANewXapiCousreAndViewItFromTheMyLearningPage" name="tc_030__EnrolToANewXapiCousreAndViewItFromTheMyLearningPage" time="139.662"/>
  <system-out/>
</testsuite> <!-- com.testAutomation.qa.TestSuites.tc_030_EnrolToANewXapiCousreAndViewItFromTheMyLearningPage -->
