<?xml version="1.0" encoding="UTF-8"?>
<!-- Generated by org.testng.reporters.JUnitReportReporter -->
<testsuite hostname="CML-KavishkaM" failures="0" tests="1" name="com.testAutomation.qa.TestSuites.tc_020_CreateANewWebinar" time="82.912" errors="0" timestamp="2022-06-02T09:27:42 IST" skipped="0">
  <testcase classname="com.testAutomation.qa.TestSuites.tc_020_CreateANewWebinar" name="tc_020__CreateANewWebinar" time="82.912"/>
  <system-out/>
</testsuite> <!-- com.testAutomation.qa.TestSuites.tc_020_CreateANewWebinar -->
