<?xml version="1.0" encoding="UTF-8"?>
<!-- Generated by org.testng.reporters.JUnitReportReporter -->
<testsuite hostname="Nuwan-Bandara" failures="0" tests="1" name="com.testAutomation.qa.TestSuites.tc_001_AddNewComputer" time="4.023" errors="0" timestamp="2022-10-25T09:25:08 BST" skipped="0">
  <testcase classname="com.testAutomation.qa.TestSuites.tc_001_AddNewComputer" name="AddNewComputer" time="4.023"/>
  <system-out/>
</testsuite> <!-- com.testAutomation.qa.TestSuites.tc_001_AddNewComputer -->
