<?xml version="1.0" encoding="UTF-8"?>
<!-- Generated by org.testng.reporters.JUnitReportReporter -->
<testsuite hostname="CML-KavishkaM" failures="0" tests="1" name="com.testAutomation.qa.TestSuites.tc_023_DuplicatingAnExistingWebinar" time="133.220" errors="0" timestamp="2022-06-02T16:58:14 IST" skipped="0">
  <testcase classname="com.testAutomation.qa.TestSuites.tc_023_DuplicatingAnExistingWebinar" name="tc_023__DeleteingAnExistingWebinar" time="133.220"/>
  <system-out/>
</testsuite> <!-- com.testAutomation.qa.TestSuites.tc_023_DuplicatingAnExistingWebinar -->
