<?xml version="1.0" encoding="UTF-8"?>
<!-- Generated by org.testng.reporters.JUnitReportReporter -->
<testsuite hostname="CML-KavishkaM" failures="0" tests="1" name="com.testAutomation.qa.TestSuites.tc_005_EditAnExistingUser" time="32.971" errors="0" timestamp="2022-06-01T12:29:11 IST" skipped="0">
  <testcase classname="com.testAutomation.qa.TestSuites.tc_005_EditAnExistingUser" name="tc_005__EditAnExistingUser" time="32.971"/>
  <system-out/>
</testsuite> <!-- com.testAutomation.qa.TestSuites.tc_005_EditAnExistingUser -->
