<?xml version="1.0" encoding="UTF-8"?>
<!-- Generated by org.testng.reporters.JUnitReportReporter -->
<testsuite hostname="CML-KavishkaM" failures="0" tests="1" name="com.testAutomation.qa.DataPrerequisiteTestSuites.tc_02_CreatingASingleDomainUsersGroupWithAPendingStatus" time="58.477" errors="0" timestamp="2022-09-02T18:31:16 IST" skipped="0">
  <testcase classname="com.testAutomation.qa.DataPrerequisiteTestSuites.tc_02_CreatingASingleDomainUsersGroupWithAPendingStatus" name="CreatingASingleDomainUsersGroupWithAPendingStatus" time="58.477"/>
  <system-out/>
</testsuite> <!-- com.testAutomation.qa.DataPrerequisiteTestSuites.tc_02_CreatingASingleDomainUsersGroupWithAPendingStatus -->
