<?xml version="1.0" encoding="UTF-8"?>
<!-- Generated by org.testng.reporters.JUnitReportReporter -->
<testsuite hostname="CML-KavishkaM" failures="0" tests="1" name="com.testAutomation.qa.DataPrerequisiteTestSuites.tc_09_CreatingMultiDomainUsersWithinManyGroupsWiththeRejectedStatus" time="84.040" errors="0" timestamp="2022-09-15T14:51:37 IST" skipped="0">
  <testcase classname="com.testAutomation.qa.DataPrerequisiteTestSuites.tc_09_CreatingMultiDomainUsersWithinManyGroupsWiththeRejectedStatus" name="CreatingMultiDomainUsersWithinManyGroupsWiththeRejectedStatus" time="84.040"/>
  <system-out/>
</testsuite> <!-- com.testAutomation.qa.DataPrerequisiteTestSuites.tc_09_CreatingMultiDomainUsersWithinManyGroupsWiththeRejectedStatus -->
