<?xml version="1.0" encoding="UTF-8"?>
<!-- Generated by org.testng.reporters.JUnitReportReporter -->
<testsuite hostname="CML-KavishkaM" failures="0" tests="1" name="com.testAutomation.qa.TestSuites.tc_008_CreatingAUserByUsingBulkUploadMethod" time="41.088" errors="0" timestamp="2022-06-01T12:39:45 IST" skipped="0">
  <testcase classname="com.testAutomation.qa.TestSuites.tc_008_CreatingAUserByUsingBulkUploadMethod" name="tc_008__CreatingAUserByUsingBulkUploadMethod" time="41.088"/>
  <system-out/>
</testsuite> <!-- com.testAutomation.qa.TestSuites.tc_008_CreatingAUserByUsingBulkUploadMethod -->
