<?xml version="1.0" encoding="UTF-8"?>
<!-- Generated by org.testng.reporters.JUnitReportReporter -->
<testsuite hostname="CML-KavishkaM" failures="0" tests="1" name="com.testAutomation.qa.TestSuites.tc_026_DeleteingAnExistingF2FTraining" time="30.423" errors="0" timestamp="2022-06-02T17:30:29 IST" skipped="0">
  <testcase classname="com.testAutomation.qa.TestSuites.tc_026_DeleteingAnExistingF2FTraining" name="tc_026__DeleteingAnExistingF2FTraining" time="30.423"/>
  <system-out/>
</testsuite> <!-- com.testAutomation.qa.TestSuites.tc_026_DeleteingAnExistingF2FTraining -->
