<?xml version="1.0" encoding="UTF-8"?>
<!-- Generated by org.testng.reporters.JUnitReportReporter -->
<testsuite hostname="CML-KavishkaM" failures="0" tests="1" name="com.testAutomation.qa.TestSuites.tc_024_CreateANewF2FTraining" time="86.066" errors="0" timestamp="2022-06-02T17:15:23 IST" skipped="0">
  <testcase classname="com.testAutomation.qa.TestSuites.tc_024_CreateANewF2FTraining" name="tc_024__CreateANewF2FTraining" time="86.066"/>
  <system-out/>
</testsuite> <!-- com.testAutomation.qa.TestSuites.tc_024_CreateANewF2FTraining -->
