<?xml version="1.0" encoding="UTF-8"?>
<!-- Generated by org.testng.reporters.JUnitReportReporter -->
<testsuite hostname="CML-KavishkaM" failures="0" tests="1" name="com.testAutomation.qa.TestSuites.tc_025_EditingAnExistingF2FTraining" time="241.986" errors="0" timestamp="2022-06-02T17:28:54 IST" skipped="0">
  <testcase classname="com.testAutomation.qa.TestSuites.tc_025_EditingAnExistingF2FTraining" name="tc_025__EditingAnExistingF2FTraining" time="241.986"/>
  <system-out/>
</testsuite> <!-- com.testAutomation.qa.TestSuites.tc_025_EditingAnExistingF2FTraining -->
