<?xml version="1.0" encoding="UTF-8"?>
<!-- Generated by org.testng.reporters.JUnitReportReporter -->
<testsuite hostname="CML-KavishkaM" failures="0" tests="1" name="com.testAutomation.qa.DataPrerequisiteTestSuites.tc_05_CreatingMultiDomainUsersWithinOneGroupWithAPendingStatus" time="95.328" errors="0" timestamp="2022-09-05T18:31:09 IST" skipped="0">
  <testcase classname="com.testAutomation.qa.DataPrerequisiteTestSuites.tc_05_CreatingMultiDomainUsersWithinOneGroupWithAPendingStatus" name="CreatingMultiDomainUsersWithinOneGroupWithAPendingStatus" time="95.328"/>
  <system-out/>
</testsuite> <!-- com.testAutomation.qa.DataPrerequisiteTestSuites.tc_05_CreatingMultiDomainUsersWithinOneGroupWithAPendingStatus -->
