<?xml version="1.0" encoding="UTF-8"?>
<!-- Generated by org.testng.reporters.JUnitReportReporter -->
<testsuite hostname="CML-KavishkaM" failures="0" tests="1" name="com.testAutomation.qa.TestSuites.tc_037_NavigateToTheAllSubPagesFromDashBoard" time="38.568" errors="0" timestamp="2022-05-31T17:05:41 IST" skipped="0">
  <testcase classname="com.testAutomation.qa.TestSuites.tc_037_NavigateToTheAllSubPagesFromDashBoard" name="tc_037__NavigateToTheAllSubPagesFromDashboard" time="38.568"/>
  <system-out/>
</testsuite> <!-- com.testAutomation.qa.TestSuites.tc_037_NavigateToTheAllSubPagesFromDashBoard -->
