<?xml version="1.0" encoding="UTF-8"?>
<!-- Generated by org.testng.reporters.JUnitReportReporter -->
<testsuite hostname="CML-KavishkaM" failures="0" tests="1" name="com.testAutomation.qa.TestSuites.tc_002_CammsCollegeLogout" time="18.856" errors="0" timestamp="2022-09-17T09:26:54 IST" skipped="0">
  <testcase classname="com.testAutomation.qa.TestSuites.tc_002_CammsCollegeLogout" name="CammsCollegeLogout" time="18.856"/>
  <system-out/>
</testsuite> <!-- com.testAutomation.qa.TestSuites.tc_002_CammsCollegeLogout -->
