<?xml version="1.0" encoding="UTF-8"?>
<!-- Generated by org.testng.reporters.JUnitReportReporter -->
<testsuite hostname="CML-KavishkaM" failures="0" tests="1" name="com.testAutomation.qa.TestSuites.tc_009_ImpersonateAnExistingUser" time="25.950" errors="0" timestamp="2022-06-01T12:42:24 IST" skipped="0">
  <testcase classname="com.testAutomation.qa.TestSuites.tc_009_ImpersonateAnExistingUser" name="tc_009__ImpersonateAnExistingUser" time="25.950"/>
  <system-out/>
</testsuite> <!-- com.testAutomation.qa.TestSuites.tc_009_ImpersonateAnExistingUser -->
