<?xml version="1.0" encoding="UTF-8"?>
<!-- Generated by org.testng.reporters.JUnitReportReporter -->
<testsuite hostname="CML-KavishkaM" failures="0" tests="1" name="com.testAutomation.qa.TestSuites.tc_031_EnrolToANewWebinarAndViewItFromTheCatloguePage" time="104.977" errors="0" timestamp="2022-05-30T07:26:49 IST" skipped="0">
  <testcase classname="com.testAutomation.qa.TestSuites.tc_031_EnrolToANewWebinarAndViewItFromTheCatloguePage" name="tc_031__EnrolToANewWebinarAndViewItFromTheCatloguePage" time="104.977"/>
  <system-out/>
</testsuite> <!-- com.testAutomation.qa.TestSuites.tc_031_EnrolToANewWebinarAndViewItFromTheCatloguePage -->
