<?xml version="1.0" encoding="UTF-8"?>
<!-- Generated by org.testng.reporters.JUnitReportReporter -->
<testsuite hostname="CML-KavishkaM" failures="0" tests="1" name="com.testAutomation.qa.TestSuites.tc_014_ApproveOrRejectAGroup" time="72.392" errors="0" timestamp="2022-06-02T08:56:52 IST" skipped="0">
  <testcase classname="com.testAutomation.qa.TestSuites.tc_014_ApproveOrRejectAGroup" name="tc_014__ApproveOrRejectAGroup" time="72.392"/>
  <system-out/>
</testsuite> <!-- com.testAutomation.qa.TestSuites.tc_014_ApproveOrRejectAGroup -->
