<?xml version="1.0" encoding="UTF-8"?>
<!-- Generated by org.testng.reporters.JUnitReportReporter -->
<testsuite hostname="CML-KavishkaM" failures="0" tests="1" name="com.testAutomation.qa.TestSuites.tc_011_CreateANewGroup" time="42.080" errors="0" timestamp="2022-06-02T08:27:39 IST" skipped="0">
  <testcase classname="com.testAutomation.qa.TestSuites.tc_011_CreateANewGroup" name="tc_011__CreateANewGroup" time="42.080"/>
  <system-out/>
</testsuite> <!-- com.testAutomation.qa.TestSuites.tc_011_CreateANewGroup -->
