<?xml version="1.0" encoding="UTF-8"?>
<!-- Generated by org.testng.reporters.JUnitReportReporter -->
<testsuite hostname="CML-KavishkaM" failures="0" tests="1" name="com.testAutomation.qa.TestSuites.tc_033_EnrolToANewWebinarAndViewItFromTheMyLearningPage" time="108.947" errors="0" timestamp="2022-05-30T20:42:41 IST" skipped="0">
  <testcase classname="com.testAutomation.qa.TestSuites.tc_033_EnrolToANewWebinarAndViewItFromTheMyLearningPage" name="tc_033__EnrolToANewWebinarAndViewItFromTheMyLearningPage" time="108.947"/>
  <system-out/>
</testsuite> <!-- com.testAutomation.qa.TestSuites.tc_033_EnrolToANewWebinarAndViewItFromTheMyLearningPage -->
