<?xml version="1.0" encoding="UTF-8"?>
<!-- Generated by org.testng.reporters.JUnitReportReporter -->
<testsuite hostname="CML-KavishkaM" failures="0" tests="1" name="com.testAutomation.qa.TestSuites.tc_032_EnrolToANewWebinarAndViewItFromTheDashboard" time="103.081" errors="0" timestamp="2022-05-30T07:56:28 IST" skipped="0">
  <testcase classname="com.testAutomation.qa.TestSuites.tc_032_EnrolToANewWebinarAndViewItFromTheDashboard" name="tc_032__EnrolToANewWebinarAndViewItFromTheDashboard" time="103.081"/>
  <system-out/>
</testsuite> <!-- com.testAutomation.qa.TestSuites.tc_032_EnrolToANewWebinarAndViewItFromTheDashboard -->
