<?xml version="1.0" encoding="UTF-8"?>
<!-- Generated by org.testng.reporters.JUnitReportReporter -->
<testsuite hostname="CML-KavishkaM" failures="0" tests="1" name="com.testAutomation.qa.TestSuites.tc_015_VerifyingConsultationTotalAndUtilizedHours" time="37.915" errors="0" timestamp="2022-06-02T08:58:14 IST" skipped="0">
  <testcase classname="com.testAutomation.qa.TestSuites.tc_015_VerifyingConsultationTotalAndUtilizedHours" name="tc_015__VerifyingConsultationTotalAndUtilizedHours" time="37.915"/>
  <system-out/>
</testsuite> <!-- com.testAutomation.qa.TestSuites.tc_015_VerifyingConsultationTotalAndUtilizedHours -->
