<?xml version="1.0" encoding="UTF-8"?>
<!-- Generated by org.testng.reporters.JUnitReportReporter -->
<testsuite hostname="CML-KavishkaM" failures="0" tests="1" name="com.testAutomation.qa.DataPrerequisiteTestSuites.tc_06_CreatingMultiDomainUsersWithinOneGroupWithARejectedStatus" time="101.129" errors="0" timestamp="2022-09-07T12:16:42 IST" skipped="0">
  <testcase classname="com.testAutomation.qa.DataPrerequisiteTestSuites.tc_06_CreatingMultiDomainUsersWithinOneGroupWithARejectedStatus" name="CreatingMultiDomainUsersWithinOneGroupWithARejectedStatus" time="101.129"/>
  <system-out/>
</testsuite> <!-- com.testAutomation.qa.DataPrerequisiteTestSuites.tc_06_CreatingMultiDomainUsersWithinOneGroupWithARejectedStatus -->
