<?xml version="1.0" encoding="UTF-8"?>
<!-- Generated by org.testng.reporters.JUnitReportReporter -->
<testsuite hostname="CML-KavishkaM" failures="0" tests="1" name="com.testAutomation.qa.TestSuites.tc_028_EnrolToANewXapiCousreAndViewItFromTheCatloguePage" time="126.489" errors="0" timestamp="2022-06-08T07:55:18 IST" skipped="0">
  <testcase classname="com.testAutomation.qa.TestSuites.tc_028_EnrolToANewXapiCousreAndViewItFromTheCatloguePage" name="tc_028__EnrolToANewXapiCousreAndViewItFromTheCatloguePage" time="126.489"/>
  <system-out/>
</testsuite> <!-- com.testAutomation.qa.TestSuites.tc_028_EnrolToANewXapiCousreAndViewItFromTheCatloguePage -->
