<?xml version="1.0" encoding="UTF-8"?>
<!-- Generated by org.testng.reporters.JUnitReportReporter -->
<testsuite hostname="CML-KavishkaM" failures="0" tests="1" name="com.testAutomation.qa.DataPrerequisiteTestSuites.tc_08_CreatingMultiDomainUsersWithinManyGroupsWiththePendingStatus" time="86.423" errors="0" timestamp="2022-09-15T13:10:14 IST" skipped="0">
  <testcase classname="com.testAutomation.qa.DataPrerequisiteTestSuites.tc_08_CreatingMultiDomainUsersWithinManyGroupsWiththePendingStatus" name="CreatingMultiDomainUsersWithinManyGroupsWiththePendingStatus" time="86.423"/>
  <system-out/>
</testsuite> <!-- com.testAutomation.qa.DataPrerequisiteTestSuites.tc_08_CreatingMultiDomainUsersWithinManyGroupsWiththePendingStatus -->
