<?xml version="1.0" encoding="UTF-8"?>
<!-- Generated by org.testng.reporters.JUnitReportReporter -->
<testsuite hostname="CML-KavishkaM" failures="0" tests="1" name="com.testAutomation.qa.DataPrerequisiteTestSuites.tc_03_CreatingASingleDomainUsersGroupWithARejectedStatus" time="85.112" errors="0" timestamp="2022-09-02T19:01:19 IST" skipped="0">
  <testcase classname="com.testAutomation.qa.DataPrerequisiteTestSuites.tc_03_CreatingASingleDomainUsersGroupWithARejectedStatus" name="CreatingASingleDomainUsersGroupWithARejectedStatus" time="85.112"/>
  <system-out/>
</testsuite> <!-- com.testAutomation.qa.DataPrerequisiteTestSuites.tc_03_CreatingASingleDomainUsersGroupWithARejectedStatus -->
