<?xml version="1.0" encoding="UTF-8"?>
<!-- Generated by org.testng.reporters.JUnitReportReporter -->
<testsuite hostname="CML-KavishkaM" failures="0" tests="1" name="com.testAutomation.qa.TestSuites.tc_003_NavaigateToAllMainMenuPages" time="48.726" errors="0" timestamp="2022-06-01T12:26:01 IST" skipped="0">
  <testcase classname="com.testAutomation.qa.TestSuites.tc_003_NavaigateToAllMainMenuPages" name="tc_003__NavaigateToAllMainMenuPages" time="48.726"/>
  <system-out/>
</testsuite> <!-- com.testAutomation.qa.TestSuites.tc_003_NavaigateToAllMainMenuPages -->
