<?xml version="1.0" encoding="UTF-8"?>
<!-- Generated by org.testng.reporters.JUnitReportReporter -->
<testsuite hostname="CML-KavishkaM" failures="0" tests="1" name="com.testAutomation.qa.TestSuites.tc_007_VerifyLearnerCsvIsDownloaded_1" time="87.947" errors="0" timestamp="2022-04-25T08:53:06 IST" skipped="0">
  <testcase classname="com.testAutomation.qa.TestSuites.tc_007_VerifyLearnerCsvIsDownloaded_1" name="tc_007_VerifyLearnerCsvIsDownloaded" time="87.947"/>
  <system-out/>
</testsuite> <!-- com.testAutomation.qa.TestSuites.tc_007_VerifyLearnerCsvIsDownloaded_1 -->
