<?xml version="1.0" encoding="UTF-8"?>
<!-- Generated by org.testng.reporters.JUnitReportReporter -->
<testsuite hostname="CML-KavishkaM" failures="0" tests="1" name="com.testAutomation.qa.DataPrerequisiteTestSuites.tc_04_CreatingMultiDomainUsersWithinOneGroupWithAApprovedStatus" time="113.792" errors="0" timestamp="2022-09-05T16:43:31 IST" skipped="0">
  <testcase classname="com.testAutomation.qa.DataPrerequisiteTestSuites.tc_04_CreatingMultiDomainUsersWithinOneGroupWithAApprovedStatus" name="CreatingMultiDomainUsersWithinOneGroupWithAApprovedStatus" time="113.792"/>
  <system-out/>
</testsuite> <!-- com.testAutomation.qa.DataPrerequisiteTestSuites.tc_04_CreatingMultiDomainUsersWithinOneGroupWithAApprovedStatus -->
