<?xml version="1.0" encoding="UTF-8"?>
<!-- Generated by org.testng.reporters.JUnitReportReporter -->
<testsuite hostname="CML-KavishkaM" failures="0" tests="1" name="com.testAutomation.qa.TestSuites.tc_019_DeletingAnExistingXapiCourse" time="30.820" errors="0" timestamp="2022-06-02T09:17:23 IST" skipped="0">
  <testcase classname="com.testAutomation.qa.TestSuites.tc_019_DeletingAnExistingXapiCourse" name="tc_019__DeletingAnExistingXapiCourse" time="30.820"/>
  <system-out/>
</testsuite> <!-- com.testAutomation.qa.TestSuites.tc_019_DeletingAnExistingXapiCourse -->
