<?xml version="1.0" encoding="UTF-8"?>
<!-- Generated by org.testng.reporters.JUnitReportReporter -->
<testsuite hostname="CML-KavishkaM" failures="0" tests="1" name="com.testAutomation.qa.TestSuites.tc_016_VerifyingGroupLearnersFunctions" time="163.674" errors="0" timestamp="2022-06-02T09:02:07 IST" skipped="0">
  <testcase classname="com.testAutomation.qa.TestSuites.tc_016_VerifyingGroupLearnersFunctions" name="tc_016__VerifyingGroupLearnersFunctions" time="163.674"/>
  <system-out/>
</testsuite> <!-- com.testAutomation.qa.TestSuites.tc_016_VerifyingGroupLearnersFunctions -->
