<?xml version="1.0" encoding="UTF-8"?>
<!-- Generated by org.testng.reporters.JUnitReportReporter -->
<testsuite hostname="CML-KavishkaM" failures="0" tests="1" name="com.testAutomation.qa.TestSuites.tc_034_ViewAF2FFromTheDashboard" time="149.887" errors="0" timestamp="2022-05-30T23:28:11 IST" skipped="0">
  <testcase classname="com.testAutomation.qa.TestSuites.tc_034_ViewAF2FFromTheDashboard" name="tc_034__ViewAF2FFromTheDashboard" time="149.887"/>
  <system-out/>
</testsuite> <!-- com.testAutomation.qa.TestSuites.tc_034_ViewAF2FFromTheDashboard -->
