<?xml version="1.0" encoding="UTF-8"?>
<!-- Generated by org.testng.reporters.JUnitReportReporter -->
<testsuite hostname="CML-KavishkaM" failures="0" tests="1" name="com.testAutomation.qa.DataPrerequisiteTestSuites.tc_01_CreatingASingleDomainUsersGroupWithAnApprovedStatus" time="59.828" errors="0" timestamp="2022-09-02T12:53:05 IST" skipped="0">
  <testcase classname="com.testAutomation.qa.DataPrerequisiteTestSuites.tc_01_CreatingASingleDomainUsersGroupWithAnApprovedStatus" name="CreatingASingleDomainUsersGroupWithAnApprovedStatus" time="59.828"/>
  <system-out/>
</testsuite> <!-- com.testAutomation.qa.DataPrerequisiteTestSuites.tc_01_CreatingASingleDomainUsersGroupWithAnApprovedStatus -->
